#
# There is insufficient memory for the Java Runtime Environment to continue.
# Native memory allocation (malloc) failed to allocate 1048576 bytes for AllocateHeap
# Possible reasons:
#   The system is out of physical RAM or swap space
#   The process is running with CompressedOops enabled, and the Java Heap may be blocking the growth of the native heap
# Possible solutions:
#   Reduce memory load on the system
#   Increase physical memory or swap space
#   Check if swap backing store is full
#   Decrease Java heap size (-Xmx/-Xms)
#   Decrease number of Java threads
#   Decrease Java thread stack sizes (-Xss)
#   Set larger code cache with -XX:ReservedCodeCacheSize=
# This output file may be truncated or incomplete.
#
#  Out of Memory Error (t:/workspace/open/src/hotspot/share/memory/allocation.cpp:45), pid=18208, tid=15516
#
# JRE version:  (13.0.2+8) (build )
# Java VM: Java HotSpot(TM) 64-Bit Server VM (13.0.2+8, mixed mode, aot, sharing, tiered, compressed oops, g1 gc, windows-amd64)
# No core dump will be written. Minidumps are not enabled by default on client versions of Windows
#

---------------  S U M M A R Y ------------

Command Line: -Dfile.encoding=UTF-8 ProMascotas.Acceso

Host: Intel(R) Core(TM) i5-8250U CPU @ 1.60GHz, 8 cores, 3G,  Windows 10 , 64 bit Build 19041 (10.0.19041.1806)
Time: Wed Aug  3 06:47:51 2022 Hora est. Pacífico, Sudamérica elapsed time: 0 seconds (0d 0h 0m 0s)

---------------  T H R E A D  ---------------

Current thread (0x00000000022ca800):  JavaThread "Unknown thread" [_thread_in_vm, id=15516, stack(0x0000000000980000,0x0000000000a80000)]

Stack: [0x0000000000980000,0x0000000000a80000]
Native frames: (J=compiled Java code, j=interpreted, Vv=VM code, C=native code)
V  [jvm.dll+0x624f9a]
V  [jvm.dll+0x770cfa]
V  [jvm.dll+0x7724af]
V  [jvm.dll+0x772ab3]
V  [jvm.dll+0x24bf08]
V  [jvm.dll+0xb8d8f]
V  [jvm.dll+0x2ed783]
V  [jvm.dll+0x2e6765]
V  [jvm.dll+0x74dd78]
V  [jvm.dll+0x361989]
V  [jvm.dll+0x730e65]
V  [jvm.dll+0x3cc53f]
V  [jvm.dll+0x3ce861]
C  [jli.dll+0x51ff]
C  [ucrtbase.dll+0x21bb2]
C  [KERNEL32.DLL+0x17034]
C  [ntdll.dll+0x52651]


---------------  P R O C E S S  ---------------

Threads class SMR info:
_java_thread_list=0x00007ffa772dccb8, length=0, elements={
}

Java Threads: ( => current thread )

Other Threads:
  0x00000000022fa000 GCTaskThread "GC Thread#0" [stack: 0x000000001c910000,0x000000001ca10000] [id=16956]

[error occurred during error reporting (printing all threads), id 0xc0000005, EXCEPTION_ACCESS_VIOLATION (0xc0000005) at pc=0x00007ffa76b12260]

VM state:not at safepoint (not fully initialized)

VM Mutex/Monitor currently owned by a thread:  ([mutex/lock_event])
[0x00000000022c61a0] Heap_lock - owner thread: 0x00000000022ca800

Heap address: 0x00000000c1800000, size: 1000 MB, Compressed Oops mode: Non-zero based: 0x00000000c1800000
Narrow klass base: 0x0000000000000000, Narrow klass shift: 0

GC Heap History (0 events):
No events

Deoptimization events (0 events):
No events

Classes unloaded (0 events):
No events

Classes redefined (0 events):
No events

Internal exceptions (0 events):
No events

Events (8 events):
Event: 0.006 Loaded shared library C:\Program Files\Java\jdk-13.0.2\bin\zip.dll
Event: 0.007 Loaded shared library C:\Program Files\Java\jdk-13.0.2\bin\jimage.dll
Event: 0.008 Loading shared library C:\Program Files\Java\jdk-13.0.2\lib\libjava.base-coop.dll failed, error code 126
Event: 0.008 Loading shared library C:\Program Files\Java\jdk-13.0.2\lib\libjava.logging-coop.dll failed, error code 126
Event: 0.008 Loading shared library C:\Program Files\Java\jdk-13.0.2\lib\libjdk.compiler-coop.dll failed, error code 126
Event: 0.008 Loading shared library C:\Program Files\Java\jdk-13.0.2\lib\libjdk.scripting.nashorn-coop.dll failed, error code 126
Event: 0.008 Loading shared library C:\Program Files\Java\jdk-13.0.2\lib\libjdk.internal.vm.ci-coop.dll failed, error code 126
Event: 0.008 Loading shared library C:\Program Files\Java\jdk-13.0.2\lib\libjdk.internal.vm.compiler-coop.dll failed, error code 126


Dynamic libraries:
0x00007ff760f40000 - 0x00007ff760f4f000 	C:\Program Files\Java\jdk-13.0.2\bin\java.exe
0x00007ffaa96f0000 - 0x00007ffaa98e8000 	C:\WINDOWS\SYSTEM32\ntdll.dll
0x00007ffaa9270000 - 0x00007ffaa932d000 	C:\WINDOWS\System32\KERNEL32.DLL
0x00007ffaa73d0000 - 0x00007ffaa769e000 	C:\WINDOWS\System32\KERNELBASE.dll
0x00007ffaa72d0000 - 0x00007ffaa73d0000 	C:\WINDOWS\System32\ucrtbase.dll
0x00007ffa90060000 - 0x00007ffa90078000 	C:\Program Files\Java\jdk-13.0.2\bin\jli.dll
0x00007ffa8f530000 - 0x00007ffa8f545000 	C:\Program Files\Java\jdk-13.0.2\bin\VCRUNTIME140.dll
0x00007ffaa8f80000 - 0x00007ffaa902e000 	C:\WINDOWS\System32\ADVAPI32.dll
0x00007ffaa7c10000 - 0x00007ffaa7cae000 	C:\WINDOWS\System32\msvcrt.dll
0x00007ffaa79f0000 - 0x00007ffaa7a8c000 	C:\WINDOWS\System32\sechost.dll
0x00007ffaa77a0000 - 0x00007ffaa78c5000 	C:\WINDOWS\System32\RPCRT4.dll
0x00007ffaa7df0000 - 0x00007ffaa7f90000 	C:\WINDOWS\System32\USER32.dll
0x00007ffaa6f70000 - 0x00007ffaa6f92000 	C:\WINDOWS\System32\win32u.dll
0x00007ffaa7770000 - 0x00007ffaa779a000 	C:\WINDOWS\System32\GDI32.dll
0x00007ffa92df0000 - 0x00007ffa9308a000 	C:\WINDOWS\WinSxS\amd64_microsoft.windows.common-controls_6595b64144ccf1df_6.0.19041.1110_none_60b5254171f9507e\COMCTL32.dll
0x00007ffaa71c0000 - 0x00007ffaa72cb000 	C:\WINDOWS\System32\gdi32full.dll
0x00007ffaa6e60000 - 0x00007ffaa6efd000 	C:\WINDOWS\System32\msvcp_win.dll
0x00007ffaa0020000 - 0x00007ffaa002a000 	C:\WINDOWS\SYSTEM32\VERSION.dll
0x00007ffaa7d60000 - 0x00007ffaa7d90000 	C:\WINDOWS\System32\IMM32.DLL
0x00007ffa79ae0000 - 0x00007ffa79b7b000 	C:\Program Files\Java\jdk-13.0.2\bin\msvcp140.dll
0x00007ffa76820000 - 0x00007ffa7737d000 	C:\Program Files\Java\jdk-13.0.2\bin\server\jvm.dll
0x00007ffaa9690000 - 0x00007ffaa9698000 	C:\WINDOWS\System32\PSAPI.DLL
0x00007ffa8ffe0000 - 0x00007ffa8ffe9000 	C:\WINDOWS\SYSTEM32\WSOCK32.dll
0x00007ffa90380000 - 0x00007ffa903a7000 	C:\WINDOWS\SYSTEM32\WINMM.dll
0x00007ffaa9410000 - 0x00007ffaa947b000 	C:\WINDOWS\System32\WS2_32.dll
0x00007ffaa5940000 - 0x00007ffaa5952000 	C:\WINDOWS\SYSTEM32\kernel.appcore.dll
0x00007ffa85d00000 - 0x00007ffa85d10000 	C:\Program Files\Java\jdk-13.0.2\bin\verify.dll
0x00007ffaa5400000 - 0x00007ffaa55e4000 	C:\WINDOWS\SYSTEM32\DBGHELP.DLL
0x00007ffa8b420000 - 0x00007ffa8b44c000 	C:\WINDOWS\SYSTEM32\dbgcore.DLL
0x00007ffaa6fa0000 - 0x00007ffaa7022000 	C:\WINDOWS\System32\bcryptPrimitives.dll
0x00007ffa8e3c0000 - 0x00007ffa8e3e6000 	C:\Program Files\Java\jdk-13.0.2\bin\java.dll
0x00007ffa80b90000 - 0x00007ffa80ba7000 	C:\Program Files\Java\jdk-13.0.2\bin\zip.dll
0x00007ffa85cf0000 - 0x00007ffa85cfa000 	C:\Program Files\Java\jdk-13.0.2\bin\jimage.dll

dbghelp: loaded successfully - version: 4.0.5 - missing functions: none
symbol engine: initialized successfully - sym options: 0x614 - pdb path: .;C:\Program Files\Java\jdk-13.0.2\bin;C:\WINDOWS\SYSTEM32;C:\WINDOWS\WinSxS\amd64_microsoft.windows.common-controls_6595b64144ccf1df_6.0.19041.1110_none_60b5254171f9507e;C:\Program Files\Java\jdk-13.0.2\bin\server

VM Arguments:
jvm_args: -Dfile.encoding=UTF-8 
java_command: ProMascotas.Acceso
java_class_path (initial): C:\Users\DELL\Desktop\mysql-connector-java-5.1.13-bin.jar;C:\Users\DELL\Downloads\jcalendar-1.4.jar;C:\Users\DELL\Desktop\RSScaleLabel.jar;C:\Users\DELL\Documents\NetBeansProjects\TABLAS\CursoJtable\build\classes
Launcher Type: SUN_STANDARD

[Global flags]
     intx CICompilerCount                          = 4                                         {product} {ergonomic}
     uint ConcGCThreads                            = 2                                         {product} {ergonomic}
     uint G1ConcRefinementThreads                  = 8                                         {product} {ergonomic}
   size_t G1HeapRegionSize                         = 1048576                                   {product} {ergonomic}
    uintx GCDrainStackTargetSize                   = 64                                        {product} {ergonomic}
   size_t InitialHeapSize                          = 67108864                                  {product} {ergonomic}
   size_t MarkStackSize                            = 4194304                                   {product} {ergonomic}
   size_t MaxHeapSize                              = 1048576000                                {product} {ergonomic}
   size_t MinHeapDeltaBytes                        = 1048576                                   {product} {ergonomic}
   size_t MinHeapSize                              = 8388608                                   {product} {ergonomic}
    uintx NonNMethodCodeHeapSize                   = 5839372                                {pd product} {ergonomic}
    uintx NonProfiledCodeHeapSize                  = 122909434                              {pd product} {ergonomic}
    uintx ProfiledCodeHeapSize                     = 122909434                              {pd product} {ergonomic}
    uintx ReservedCodeCacheSize                    = 251658240                              {pd product} {ergonomic}
     bool SegmentedCodeCache                       = true                                      {product} {ergonomic}
   size_t SoftMaxHeapSize                          = 1048576000                             {manageable} {ergonomic}
     bool UseCompressedClassPointers               = true                                 {lp64_product} {ergonomic}
     bool UseCompressedOops                        = true                                 {lp64_product} {ergonomic}
     bool UseG1GC                                  = true                                      {product} {ergonomic}
     bool UseLargePagesIndividualAllocation        = false                                  {pd product} {ergonomic}

Logging:
Log output configuration:
 #0: stdout all=warning uptime,level,tags
 #1: stderr all=off uptime,level,tags

Environment Variables:
PATH=C:\Program Files (x86)\Common Files\Intel\Shared Libraries\redist\ia32_win\compiler;C:\ProgramData\Oracle\Java\javapath;C:\Program Files (x86)\Common Files\Intel\Shared Libraries\redist\intel64_win\compiler;C:\Program Files (x86)\Common Files\Intel\Shared Libraries\redist\intel64\compiler;C:\WINDOWS\system32;C:\WINDOWS;C:\WINDOWS\System32\Wbem;C:\WINDOWS\System32\WindowsPowerShell\v1.0\;C:\WINDOWS\System32\OpenSSH\;C:\Program Files\Intel\WiFi\bin\;C:\Program Files\Common Files\Intel\WirelessCommon\;C:\Program Files\Java\jdk-13.0.2\bin;C:\Program Files\IDM Computer Solutions\UltraEdit;C:\Program Files (x86)\Intel\Intel(R) Management Engine Components\DAL;C:\Program Files\Intel\Intel(R) Management Engine Components\DAL;C:\Program Files\dotnet\;C:\Program Files (x86)\Plantronics\Spokes3G\;C:\ProgramData\chocolatey\bin;C:\Program Files\OpenSSH-Win64;C:\Program Files\MySQL\MySQL Shell 8.0\bin\;C:\Users\DELL\AppData\Local\Microsoft\WindowsApps;C:\Users\DELL\AppData\Local\GitHubDesktop\bin;C:\Users\DELL\AppData\Local\Microsoft\WindowsApps;C:\Users\DELL\AppData\Local\Programs\Microsoft VS Code\bin
USERNAME=DELL
OS=Windows_NT
PROCESSOR_IDENTIFIER=Intel64 Family 6 Model 142 Stepping 10, GenuineIntel



---------------  S Y S T E M  ---------------

OS: Windows 10 , 64 bit Build 19041 (10.0.19041.1806)

CPU:total 8 (initial active 8) (4 cores per cpu, 2 threads per core) family 6 model 142 stepping 10, cmov, cx8, fxsr, mmx, sse, sse2, sse3, ssse3, sse4.1, sse4.2, popcnt, avx, avx2, aes, clmul, erms, 3dnowpref, lzcnt, ht, tsc, tscinvbit, bmi1, bmi2, adx, fma

Memory: 4k page, system-wide physical 3993M (70M free)
TotalPageFile size 13758M (AvailPageFile size 5M)
current process WorkingSet (physical memory assigned to process): 10M, peak: 10M
current process commit charge ("private bytes"): 56M, peak: 57M

vm_info: Java HotSpot(TM) 64-Bit Server VM (13.0.2+8) for windows-amd64 JRE (13.0.2+8), built on Dec 11 2019 09:20:33 by "mach5one" with unknown MS VC++:1916

END.
